빌드 시작: 2013-07-19 오전 12:48:30
     1>2 노드의 "D:\[3]_Simulation Code\[2]_NLJD\FCM_3\FCM_3\FCM_3.vcxproj" 프로젝트(build 대상)입니다.
     1>InitializeBuildStatus:
         "AlwaysCreate"이(가) 지정되었기 때문에 "Debug\FCM_3.unsuccessfulbuild"을(를) 만들고 있습니다.
       ClCompile:
         C:\Program Files (x86)\Microsoft Visual Studio 10.0\VC\bin\CL.exe /c /ZI /nologo /W3 /WX- /Od /Oy- /D _MBCS /Gm /EHsc /RTC1 /MDd /GS /fp:precise /Zc:wchar_t /Zc:forScope /Fo"Debug\\" /Fd"Debug\vc100.pdb" /Gd /TP /analyze- /errorReport:prompt FCM_Method.cpp
         FCM_Method.cpp
     1>d:\[3]_simulation code\[2]_nljd\fcm_3\fcm_3\fcm_method.cpp(314): warning C4996: 'fopen': This function or variable may be unsafe. Consider using fopen_s instead. To disable deprecation, use _CRT_SECURE_NO_WARNINGS. See online help for details.
                 c:\program files (x86)\microsoft visual studio 10.0\vc\include\stdio.h(234) : 'fopen' 선언을 참조하십시오.
       Link:
         C:\Program Files (x86)\Microsoft Visual Studio 10.0\VC\bin\link.exe /ERRORREPORT:PROMPT /OUT:"D:\[3]_Simulation Code\[2]_NLJD\FCM_3\Debug\FCM_3.exe" /NOLOGO kernel32.lib user32.lib gdi32.lib winspool.lib comdlg32.lib advapi32.lib shell32.lib ole32.lib oleaut32.lib uuid.lib odbc32.lib odbccp32.lib /MANIFEST /ManifestFile:"Debug\FCM_3.exe.intermediate.manifest" /MANIFESTUAC:"level='asInvoker' uiAccess='false'" /DEBUG /PDB:"D:\[3]_Simulation Code\[2]_NLJD\FCM_3\Debug\FCM_3.pdb" /TLBID:1 /DYNAMICBASE /NXCOMPAT /IMPLIB:"D:\[3]_Simulation Code\[2]_NLJD\FCM_3\Debug\FCM_3.lib" /MACHINE:X86 Debug\FCM_Method.obj
         LINK : D:\[3]_Simulation Code\[2]_NLJD\FCM_3\Debug\FCM_3.exe을(를) 찾을 수 없거나 마지막 증분 링크에 의해 빌드되지 않았습니다. 전체 링크를 수행하고 있습니다.
         FCM_3.vcxproj -> D:\[3]_Simulation Code\[2]_NLJD\FCM_3\Debug\FCM_3.exe
       Manifest:
         C:\Program Files (x86)\Microsoft SDKs\Windows\v7.0A\bin\mt.exe /nologo /verbose /outputresource:"D:\[3]_Simulation Code\[2]_NLJD\FCM_3\Debug\FCM_3.exe;#1" /manifest Debug\FCM_3.exe.intermediate.manifest
       FinalizeBuildStatus:
         "Debug\FCM_3.unsuccessfulbuild" 파일을 삭제하고 있습니다.
         "Debug\FCM_3.lastbuildstate"에 연결(touching)하고 있습니다.
     1>"D:\[3]_Simulation Code\[2]_NLJD\FCM_3\FCM_3\FCM_3.vcxproj" 프로젝트를 빌드했습니다(build 대상).

빌드했습니다.

경과 시간: 00:00:00.37
